Build started 11/7/2014 4:16:40 PM.
     1>Project "c:\Users\tharindu\documents\visual studio 2010\Projects\Chess_Dll_Solution\Chess_Dll\Chess_Dll.vcxproj" on node 2 (build target(s)).
     1>PrepareForBuild:
         Creating directory "c:\users\tharindu\documents\visual studio 2010\Projects\Chess_Dll_Solution\Debug\".
       InitializeBuildStatus:
         Creating "Debug\Chess_Dll.unsuccessfulbuild" because "AlwaysCreate" was specified.
       ClCompile:
         c:\Program Files\Microsoft Visual Studio 10.0\VC\bin\CL.exe /c /ZI /nologo /W3 /WX- /Od /Oy- /D WIN32 /D _DEBUG /D _WINDOWS /D _USRDLL /D CHESS_DLL_EXPORTS /D _WINDLL /D _UNICODE /D UNICODE /Gm /EHsc /RTC1 /MDd /GS /fp:precise /Zc:wchar_t /Zc:forScope /Yc"StdAfx.h" /Fp"Debug\Chess_Dll.pch" /Fo"Debug\\" /Fd"Debug\vc100.pdb" /Gd /TP /analyze- /errorReport:prompt stdafx.cpp
         stdafx.cpp
         c:\Program Files\Microsoft Visual Studio 10.0\VC\bin\CL.exe /c /ZI /nologo /W3 /WX- /Od /Oy- /D WIN32 /D _DEBUG /D _WINDOWS /D _USRDLL /D CHESS_DLL_EXPORTS /D _WINDLL /D _UNICODE /D UNICODE /Gm /EHsc /RTC1 /MDd /GS /fp:precise /Zc:wchar_t /Zc:forScope /Yu"StdAfx.h" /Fp"Debug\Chess_Dll.pch" /Fo"Debug\\" /Fd"Debug\vc100.pdb" /Gd /TP /analyze- /errorReport:prompt Chess_Dll.cpp
         Chess_Dll.cpp
         c:\Program Files\Microsoft Visual Studio 10.0\VC\bin\CL.exe /c /ZI /nologo /W3 /WX- /Od /Oy- /D WIN32 /D _DEBUG /D _WINDOWS /D _USRDLL /D CHESS_DLL_EXPORTS /D _WINDLL /D _UNICODE /D UNICODE /Gm /EHsc /RTC1 /MDd /GS /fp:precise /Zc:wchar_t /Zc:forScope /Fo"Debug\\" /Fd"Debug\vc100.pdb" /Gd /TP /analyze- /errorReport:prompt dllmain.cpp
         dllmain.cpp
       ManifestResourceCompile:
         c:\Program Files\Microsoft SDKs\Windows\v7.0A\bin\rc.exe /nologo /fo"Debug\Chess_Dll.dll.embed.manifest.res" Debug\Chess_Dll_manifest.rc 
       Link:
         c:\Program Files\Microsoft Visual Studio 10.0\VC\bin\link.exe /ERRORREPORT:PROMPT /OUT:"c:\users\tharindu\documents\visual studio 2010\Projects\Chess_Dll_Solution\Debug\Chess_Dll.dll" /INCREMENTAL /NOLOGO kernel32.lib user32.lib gdi32.lib winspool.lib comdlg32.lib advapi32.lib shell32.lib ole32.lib oleaut32.lib uuid.lib odbc32.lib odbccp32.lib /MANIFEST /ManifestFile:"Debug\Chess_Dll.dll.intermediate.manifest" /MANIFESTUAC:"level='asInvoker' uiAccess='false'" /DEBUG /PDB:"c:\users\tharindu\documents\visual studio 2010\Projects\Chess_Dll_Solution\Debug\Chess_Dll.pdb" /SUBSYSTEM:WINDOWS /TLBID:1 /DYNAMICBASE /NXCOMPAT /IMPLIB:"c:\users\tharindu\documents\visual studio 2010\Projects\Chess_Dll_Solution\Debug\Chess_Dll.lib" /MACHINE:X86 /DLL Debug\Chess_Dll.dll.embed.manifest.res
         Debug\Chess_Dll.obj
         Debug\dllmain.obj
         Debug\stdafx.obj
            Creating library c:\users\tharindu\documents\visual studio 2010\Projects\Chess_Dll_Solution\Debug\Chess_Dll.lib and object c:\users\tharindu\documents\visual studio 2010\Projects\Chess_Dll_Solution\Debug\Chess_Dll.exp
       Manifest:
         c:\Program Files\Microsoft SDKs\Windows\v7.0A\bin\mt.exe /nologo /verbose /out:"Debug\Chess_Dll.dll.embed.manifest" /manifest Debug\Chess_Dll.dll.intermediate.manifest
         c:\Program Files\Microsoft SDKs\Windows\v7.0A\bin\rc.exe /nologo /fo"Debug\Chess_Dll.dll.embed.manifest.res" Debug\Chess_Dll_manifest.rc 
       LinkEmbedManifest:
         c:\Program Files\Microsoft Visual Studio 10.0\VC\bin\link.exe /ERRORREPORT:PROMPT /OUT:"c:\users\tharindu\documents\visual studio 2010\Projects\Chess_Dll_Solution\Debug\Chess_Dll.dll" /INCREMENTAL /NOLOGO kernel32.lib user32.lib gdi32.lib winspool.lib comdlg32.lib advapi32.lib shell32.lib ole32.lib oleaut32.lib uuid.lib odbc32.lib odbccp32.lib /MANIFEST /ManifestFile:"Debug\Chess_Dll.dll.intermediate.manifest" /MANIFESTUAC:"level='asInvoker' uiAccess='false'" /DEBUG /PDB:"c:\users\tharindu\documents\visual studio 2010\Projects\Chess_Dll_Solution\Debug\Chess_Dll.pdb" /SUBSYSTEM:WINDOWS /TLBID:1 /DYNAMICBASE /NXCOMPAT /IMPLIB:"c:\users\tharindu\documents\visual studio 2010\Projects\Chess_Dll_Solution\Debug\Chess_Dll.lib" /MACHINE:X86 /DLL Debug\Chess_Dll.dll.embed.manifest.res
         Debug\Chess_Dll.obj
         Debug\dllmain.obj
         Debug\stdafx.obj
            Creating library c:\users\tharindu\documents\visual studio 2010\Projects\Chess_Dll_Solution\Debug\Chess_Dll.lib and object c:\users\tharindu\documents\visual studio 2010\Projects\Chess_Dll_Solution\Debug\Chess_Dll.exp
         Chess_Dll.vcxproj -> c:\users\tharindu\documents\visual studio 2010\Projects\Chess_Dll_Solution\Debug\Chess_Dll.dll
       FinalizeBuildStatus:
         Deleting file "Debug\Chess_Dll.unsuccessfulbuild".
         Touching "Debug\Chess_Dll.lastbuildstate".
     1>Done Building Project "c:\Users\tharindu\documents\visual studio 2010\Projects\Chess_Dll_Solution\Chess_Dll\Chess_Dll.vcxproj" (build target(s)).

Build succeeded.

Time Elapsed 00:00:02.96
